DEBUG: Статус-код OLX: 200
DEBUG: Найдено 52 объявлений
DEBUG: location_date = Jasieniec - 22 marca 2025
DEBUG: location_date = Zawadki - Odświeżono dnia 31 marca 2025
DEBUG: location_date = Ożarów Mazowiecki - 28 marca 2025
DEBUG: location_date = Warszawa, Praga-Południe - Odświeżono Dzisiaj o 08:47
DEBUG: location_date = Opoczno - Dzisiaj o 08:46
DEBUG: location_date = Warszawa, Włochy - Dzisiaj o 08:44
DEBUG: location_date = Marki - Dzisiaj o 08:44
DEBUG: location_date = Gostkowo - Dzisiaj o 08:42
DEBUG: location_date = Wola Kamocka - Odświeżono Dzisiaj o 08:41
DEBUG: location_date = Rąbień AB - Dzisiaj o 08:40
DEBUG: location_date = Świdnik - Odświeżono dnia 01 kwietnia 2025
DEBUG: location_date = Staroźreby - Odświeżono dnia 01 kwietnia 2025
DEBUG: location_date = Łódź, Widzew - 30 marca 2025
DEBUG: location_date = Płońsk - Dzisiaj o 08:37
DEBUG: location_date = Łódź, Bałuty - Dzisiaj o 08:36
DEBUG: location_date = Moszczenica - Odświeżono Dzisiaj o 08:36
DEBUG: location_date = Sochaczew - Dzisiaj o 08:39
DEBUG: location_date = Łódź, Widzew - Dzisiaj o 08:36
DEBUG: location_date = Skrwilno - Dzisiaj o 08:35
DEBUG: location_date = Warszawa, Włochy - Dzisiaj o 08:33
DEBUG: location_date = Wołomin - Odświeżono Dzisiaj o 08:33
DEBUG: location_date = Żuków - 31 marca 2025
DEBUG: location_date = Lublin - 28 marca 2025
DEBUG: location_date = Łódź, Bałuty - 01 kwietnia 2025
DEBUG: location_date = Słup-Kolonia - Dzisiaj o 08:32
DEBUG: location_date = Kuczki Wieś - Odświeżono Dzisiaj o 08:31
DEBUG: location_date = Warszawa, Białołęka - Dzisiaj o 08:30
DEBUG: location_date = Lisowola - Dzisiaj o 08:30
DEBUG: location_date = Łódź, Polesie - Dzisiaj o 08:27
DEBUG: location_date = Marcinków - Dzisiaj o 08:23
DEBUG: location_date = Sulejów - Odświeżono Dzisiaj o 08:21
DEBUG: location_date = Żyrardów - Odświeżono dnia 01 kwietnia 2025
DEBUG: location_date = Łódź, Bałuty - Odświeżono dnia 31 marca 2025
DEBUG: location_date = Piaseczno - Odświeżono Dzisiaj o 08:20
DEBUG: location_date = Dębówka - Dzisiaj o 08:23
DEBUG: location_date = Pilawa - Odświeżono Dzisiaj o 08:19
DEBUG: location_date = Pilawa - Odświeżono Dzisiaj o 08:19
DEBUG: location_date = Pilawa - Odświeżono Dzisiaj o 08:18
DEBUG: location_date = Pilawa - Odświeżono Dzisiaj o 08:16
DEBUG: location_date = Łódź, Bałuty - Odświeżono Dzisiaj o 08:15
DEBUG: Итоговый список объявлений: [{'title': 'Nissan Micra 1,4 benzyna', 'price': '6 400 złdo negocjacji', 'link': 'https://www.olx.pl/oferta/nissan-micra-1-4-benzyna-CID5-ID152yrl.html', 'location': 'Jasieniec', 'date': '22 March 2025'}, {'title': 'Zamiana Ford Fiesta 1.6 tdci', 'price': '10 000 zł', 'link': 'https://www.olx.pl/oferta/zamiana-ford-fiesta-1-6-tdci-CID5-ID14BIO0.html', 'location': 'Zawadki', 'date': '31 March 2025'}, {'title': 'Autokomis TopCar! Bmw 5 Series e39 2.0 Diesel//Lift 2003 Rok//Zamiana/', 'price': '4 490 złdo negocjacji', 'link': 'https://www.olx.pl/oferta/autokomis-topcar-bmw-5-series-e39-2-0-diesel-lift-2003-rok-zamiana-CID5-ID13VQsr.html', 'location': 'Ożarów Mazowiecki', 'date': '28 March 2025'}, {'title': 'Bmw e46 compact 316ti', 'price': '4 500 zł', 'link': 'https://www.olx.pl/oferta/bmw-e46-compact-316ti-CID5-ID14wZHC.html', 'location': 'Warszawa, Praga-Południe', 'date': '02 April 2025 o 08:47'}, {'title': 'Hyundai Trajet 7-osobowy', 'price': '4 000 zł', 'link': 'https://www.olx.pl/oferta/hyundai-trajet-7-osobowy-CID5-ID15esNC.html', 'location': 'Opoczno', 'date': '02 April 2025 o 08:46'}, {'title': 'Bmw e46 2.0tdi 180km 2005r raty gwarancija', 'price': '5 000 zł', 'link': 'https://www.olx.pl/oferta/bmw-e46-2-0tdi-180km-2005r-raty-gwarancija-CID5-ID15esXQ.html', 'location': 'Warszawa, Włochy', 'date': '02 April 2025 o 08:44'}, {'title': 'Volkswagen Passat B5 1.9 TDI /2004rok/zadbane/ważne oplaty/zero rdzy', 'price': '3 990 złdo negocjacji', 'link': 'https://www.olx.pl/oferta/volkswagen-passat-b5-1-9-tdi-2004rok-zadbane-wazne-oplaty-zero-rdzy-CID5-ID15esVj.html', 'location': 'Marki', 'date': '02 April 2025 o 08:44'}, {'title': 'Sprzedam peugeot 407 sedan', 'price': '5 900 zł', 'link': 'https://www.olx.pl/oferta/sprzedam-peugeot-407-sedan-CID5-ID15esvE.html', 'location': 'Gostkowo', 'date': '02 April 2025 o 08:42'}, {'title': 'Aixam Ligier Microcar Transport Okazja Polecam', 'price': '9 700 zł', 'link': 'https://www.olx.pl/oferta/aixam-ligier-microcar-transport-okazja-polecam-CID5-ID154FVy.html', 'location': 'Wola Kamocka', 'date': '02 April 2025 o 08:41'}, {'title': 'Bmw x3 anglik 3.0 diesel', 'price': '7 900 zł', 'link': 'https://www.olx.pl/oferta/bmw-x3-anglik-3-0-diesel-CID5-ID15esGd.html', 'location': 'Rąbień AB', 'date': '02 April 2025 o 08:40'}, {'title': 'RENAULT MEGANE SCENIC I ** Lift ** 2.0b ** ZADBANY ** Klima ** Navi', 'price': '3 900 zł', 'link': 'https://www.olx.pl/oferta/renault-megane-scenic-i-lift-2-0b-zadbany-klima-navi-CID5-ID15b2kq.html', 'location': 'Świdnik', 'date': '01 April 2025'}, {'title': 'Sprzedam Toyota Avensis Verso', 'price': '8 990 złdo negocjacji', 'link': 'https://www.olx.pl/oferta/sprzedam-toyota-avensis-verso-CID5-ID11NEji.html', 'location': 'Staroźreby', 'date': '01 April 2025'}, {'title': 'Seat Cordoba 1.9 SDI', 'price': '2 100 złdo negocjacji', 'link': 'https://www.olx.pl/oferta/seat-cordoba-1-9-sdi-CID5-ID15bmod.html', 'location': 'Łódź, Widzew', 'date': '30 March 2025'}, {'title': 'Sprzedam BMW 316i', 'price': '10 000 zł', 'link': 'https://www.olx.pl/oferta/sprzedam-bmw-316i-CID5-ID15eqTa.html', 'location': 'Płońsk', 'date': '02 April 2025 o 08:37'}, {'title': 'Mitsubishi Colt 1.5 benzyna klimatyzacja gotowy do rejestracji', 'price': '8 990 złdo negocjacji', 'link': 'https://www.olx.pl/oferta/mitsubishi-colt-1-5-benzyna-klimatyzacja-gotowy-do-rejestracji-CID5-ID13WRrO.html', 'location': 'Łódź, Bałuty', 'date': '02 April 2025 o 08:36'}, {'title': 'Sprzedam Peugeot', 'price': '7 500 złdo negocjacji', 'link': 'https://www.olx.pl/oferta/sprzedam-peugeot-CID5-ID14Ts12.html', 'location': 'Moszczenica', 'date': '02 April 2025 o 08:36'}, {'title': 'Peugeot 308SW 1.6 120kM Panorama', 'price': '9 700 złdo negocjacji', 'link': 'https://www.olx.pl/oferta/peugeot-308sw-1-6-120km-panorama-CID5-ID14bUjr.html', 'location': 'Sochaczew', 'date': '02 April 2025 o 08:39'}, {'title': 'SPARK 1,0 Benz+GAZ 2012r Bardzo Mały Przebieg KLIMA Niemiec 100% OPŁAT', 'price': '9 900 złdo negocjacji', 'link': 'https://www.olx.pl/oferta/spark-1-0-benz-gaz-2012r-bardzo-maly-przebieg-klima-niemiec-100-oplat-CID5-ID15eswU.html', 'location': 'Łódź, Widzew', 'date': '02 April 2025 o 08:36'}, {'title': 'Toyota RAV4 uszkodzona', 'price': '7 000 złdo negocjacji', 'link': 'https://www.olx.pl/oferta/toyota-rav4-uszkodzona-CID5-ID15dkK7.html', 'location': 'Skrwilno', 'date': '02 April 2025 o 08:35'}, {'title': 'Honda Civic 1.4 2002 bardzo dobry stan', 'price': '2 900 złdo negocjacji', 'link': 'https://www.olx.pl/oferta/honda-civic-1-4-2002-bardzo-dobry-stan-CID5-ID15esmi.html', 'location': 'Warszawa, Włochy', 'date': '02 April 2025 o 08:33'}, {'title': 'Honda Cicic 1.4 2005 uszkodzona', 'price': '3 800 złdo negocjacji', 'link': 'https://www.olx.pl/oferta/honda-cicic-1-4-2005-uszkodzona-CID5-ID1572I4.html', 'location': 'Wołomin', 'date': '02 April 2025 o 08:33'}, {'title': 'Audi 3 pełne wyposażenie bez wypadków luzów wycieków pełne wyposażeni', 'price': '3 700 złdo negocjacji', 'link': 'https://www.olx.pl/oferta/audi-3-pelne-wyposazenie-bez-wypadkow-luzow-wyciekow-pelne-wyposazeni-CID5-ID14UCHK.html', 'location': 'Żuków', 'date': '31 March 2025'}, {'title': 'Sprzedam Peugeota 407 sw 2,0HDI', 'price': '5 200 złdo negocjacji', 'link': 'https://www.olx.pl/oferta/sprzedam-peugeota-407-sw-2-0hdi-CID5-ID159UcN.html', 'location': 'Lublin', 'date': '28 March 2025'}, {'title': 'Na Sprzedaz Opel Zafira 2.0LPG/7 osobowy/Automat/Zamiana/Nowy Gaz/', 'price': '5 490 zł', 'link': 'https://www.olx.pl/oferta/na-sprzedaz-opel-zafira-2-0lpg-7-osobowy-automat-zamiana-nowy-gaz-CID5-ID15dmOq.html', 'location': 'Łódź, Bałuty', 'date': '01 April 2025'}, {'title': 'Sprzedam Fiat Panda', 'price': '4 200 zł', 'link': 'https://www.olx.pl/oferta/sprzedam-fiat-panda-CID5-ID15es3w.html', 'location': 'Słup-Kolonia', 'date': '02 April 2025 o 08:32'}, {'title': 'Audi A6 C5 sedan 1.9 TDI automat zamiana', 'price': '8 900 zł', 'link': 'https://www.olx.pl/oferta/audi-a6-c5-sedan-1-9-tdi-automat-zamiana-CID5-ID15b4f3.html', 'location': 'Kuczki Wieś', 'date': '02 April 2025 o 08:31'}, {'title': 'Na Sprzedaż Opel Vectra 1.9D/automat/kombi/wygodny/oszczędny/zamiana', 'price': '5 990 złdo negocjacji', 'link': 'https://www.olx.pl/oferta/na-sprzedaz-opel-vectra-1-9d-automat-kombi-wygodny-oszczedny-zamiana-CID5-ID15eriT.html', 'location': 'Warszawa, Białołęka', 'date': '02 April 2025 o 08:30'}, {'title': 'Hyundai i30 1.4 16v benzyna 2009r', 'price': '9 999 zł', 'link': 'https://www.olx.pl/oferta/hyundai-i30-1-4-16v-benzyna-2009r-CID5-ID15es9Y.html', 'location': 'Lisowola', 'date': '02 April 2025 o 08:30'}, {'title': '1.6 benzyna z klimatyzacją zarejestrowany zapala i jeździ', 'price': '4 200 zł', 'link': 'https://www.olx.pl/oferta/1-6-benzyna-z-klimatyzacja-zarejestrowany-zapala-i-jezdzi-CID5-ID14gxCA.html', 'location': 'Łódź, Polesie', 'date': '02 April 2025 o 08:27'}, {'title': 'Renault scenic 1.9 DTI', 'price': '3 999 złdo negocjacji', 'link': 'https://www.olx.pl/oferta/renault-scenic-1-9-dti-CID5-ID15erNq.html', 'location': 'Marcinków', 'date': '02 April 2025 o 08:23'}, {'title': 'Sprzedam passata B5 1997', 'price': '2 200 złdo negocjacji', 'link': 'https://www.olx.pl/oferta/sprzedam-passata-b5-1997-CID5-ID15aekq.html', 'location': 'Sulejów', 'date': '02 April 2025 o 08:21'}, {'title': 'Sprzedam SEAT IBIZA 2002r.//garażowany//HAK//zestaw opon na felgach', 'price': '3 700 złdo negocjacji', 'link': 'https://www.olx.pl/oferta/sprzedam-seat-ibiza-2002r-garazowany-hak-zestaw-opon-na-felgach-CID5-ID159AiH.html', 'location': 'Żyrardów', 'date': '01 April 2025'}, {'title': 'Opel Combo 2024 rok, cesja leasingu, niska rata', 'price': '2 240 zł', 'link': 'https://www.olx.pl/oferta/opel-combo-2024-rok-cesja-leasingu-niska-rata-CID5-ID14qz0D.html', 'location': 'Łódź, Bałuty', 'date': '31 March 2025'}, {'title': 'Volvo S60 2.4 benzyna 2004 rok AUTOMAT Niski Przebieg !', 'price': '5 999 złdo negocjacji', 'link': 'https://www.olx.pl/oferta/volvo-s60-2-4-benzyna-2004-rok-automat-niski-przebieg-CID5-ID14Li5I.html', 'location': 'Piaseczno', 'date': '02 April 2025 o 08:20'}, {'title': 'Sprzedam Citroen C4', 'price': '8 000 złdo negocjacji', 'link': 'https://www.olx.pl/oferta/sprzedam-citroen-c4-CID5-ID10dFuV.html', 'location': 'Dębówka', 'date': '02 April 2025 o 08:23'}, {'title': 'Renault Twingo 1.2 benzyna 2007 rok.', 'price': '5 900 złdo negocjacji', 'link': 'https://www.olx.pl/oferta/renault-twingo-1-2-benzyna-2007-rok-CID5-ID14cL73.html', 'location': 'Pilawa', 'date': '02 April 2025 o 08:19'}, {'title': 'Renault Thalia /Pierwszy wlasciciel/Salon Polska/ 2009 rok/1.4 benzyna', 'price': '7 999 złdo negocjacji', 'link': 'https://www.olx.pl/oferta/renault-thalia-pierwszy-wlasciciel-salon-polska-2009-rok-1-4-benzyna-CID5-ID14cI5z.html', 'location': 'Pilawa', 'date': '02 April 2025 o 08:19'}, {'title': 'Mazda 3 1.6 Benzyna +LPG Gaz 2007 rok.', 'price': '4 900 złdo negocjacji', 'link': 'https://www.olx.pl/oferta/mazda-3-1-6-benzyna-lpg-gaz-2007-rok-CID5-ID14YTMd.html', 'location': 'Pilawa', 'date': '02 April 2025 o 08:18'}, {'title': 'Suzuki Liana 1.6 benzyna 2005 rok. Niski Przebieg ! Super Stan!', 'price': '5 900 złdo negocjacji', 'link': 'https://www.olx.pl/oferta/suzuki-liana-1-6-benzyna-2005-rok-niski-przebieg-super-stan-CID5-ID14v860.html', 'location': 'Pilawa', 'date': '02 April 2025 o 08:16'}, {'title': 'Opel Vectra C 2007r 1.9 diesel 120km Mały przebieg, skrzynia 6-stka', 'price': '4 990 złdo negocjacji', 'link': 'https://www.olx.pl/oferta/opel-vectra-c-2007r-1-9-diesel-120km-maly-przebieg-skrzynia-6-stka-CID5-ID150YTr.html', 'location': 'Łódź, Bałuty', 'date': '02 April 2025 o 08:15'}]
